# JRE version: Java(TM) SE Runtime Environment (15.0.2+7) (build 15.0.2+7-27)
# Java VM: Java HotSpot(TM) 64-Bit Server VM (15.0.2+7-27, mixed mode, sharing, tiered, compressed oops, g1 gc, windows-amd64)
GC Precious Log:
 CPUs: 4 total, 4 available
 Memory: 7971M
 Large Page Support: Disabled
 NUMA Support: Disabled
 Compressed Oops: Enabled (32-bit)
 Heap Region Size: 1M
 Heap Min Capacity: 8M
 Heap Initial Capacity: 126M
 Heap Max Capacity: 1994M
 Pre-touch: Disabled
 Parallel Workers: 4
 Concurrent Workers: 1
 Concurrent Refinement Workers: 4
 Periodic GC: Disabled
Heap:
 garbage-first heap   total 112640K, used 58657K [0x0000000083600000, 0x0000000100000000)
  region size 1024K, 6 young (6144K), 2 survivors (2048K)
 Metaspace       used 23690K, capacity 24072K, committed 24192K, reserved 1071104K
  class space    used 3057K, capacity 3195K, committed 3200K, reserved 1048576K
GC Heap History (14 events):
Event: 0.651 GC heap before
{Heap before GC invocations=0 (full 0):
 garbage-first heap   total 129024K, used 13312K [0x0000000083600000, 0x0000000100000000)
  region size 1024K, 13 young (13312K), 0 survivors (0K)
 Metaspace       used 1070K, capacity 4495K, committed 4864K, reserved 1056768K
  class space    used 98K, capacity 389K, committed 512K, reserved 1048576K
}
Event: 0.654 GC heap after
{Heap after GC invocations=1 (full 0):
 garbage-first heap   total 129024K, used 859K [0x0000000083600000, 0x0000000100000000)
  region size 1024K, 1 young (1024K), 1 survivors (1024K)
 Metaspace       used 1070K, capacity 4495K, committed 4864K, reserved 1056768K
  class space    used 98K, capacity 389K, committed 512K, reserved 1048576K
}
Event: 0.895 GC heap before
{Heap before GC invocations=1 (full 0):
 garbage-first heap   total 129024K, used 19291K [0x0000000083600000, 0x0000000100000000)
  region size 1024K, 19 young (19456K), 1 survivors (1024K)
 Metaspace       used 1147K, capacity 4495K, committed 4864K, reserved 1056768K
  class space    used 98K, capacity 389K, committed 512K, reserved 1048576K
}
Event: 0.897 GC heap after
{Heap after GC invocations=2 (full 0):
 garbage-first heap   total 129024K, used 969K [0x0000000083600000, 0x0000000100000000)
  region size 1024K, 1 young (1024K), 1 survivors (1024K)
 Metaspace       used 1147K, capacity 4495K, committed 4864K, reserved 1056768K
  class space    used 98K, capacity 389K, committed 512K, reserved 1048576K
}
Event: 14.858 GC heap before
{Heap before GC invocations=2 (full 0):
 garbage-first heap   total 129024K, used 96201K [0x0000000083600000, 0x0000000100000000)
  region size 1024K, 75 young (76800K), 1 survivors (1024K)
 Metaspace       used 20305K, capacity 20671K, committed 20992K, reserved 1067008K
  class space    used 2622K, capacity 2745K, committed 2816K, reserved 1048576K
}
Event: 14.879 GC heap after
{Heap after GC invocations=3 (full 0):
 garbage-first heap   total 129024K, used 31771K [0x0000000083600000, 0x0000000100000000)
  region size 1024K, 10 young (10240K), 10 survivors (10240K)
 Metaspace       used 20305K, capacity 20671K, committed 20992K, reserved 1067008K
  class space    used 2622K, capacity 2745K, committed 2816K, reserved 1048576K
}
Event: 14.926 GC heap before
{Heap before GC invocations=3 (full 0):
 garbage-first heap   total 129024K, used 32795K [0x0000000083600000, 0x0000000100000000)
  region size 1024K, 12 young (12288K), 10 survivors (10240K)
 Metaspace       used 20647K, capacity 20991K, committed 21248K, reserved 1067008K
  class space    used 2692K, capacity 2809K, committed 2816K, reserved 1048576K
}
Event: 14.939 GC heap after
{Heap after GC invocations=4 (full 0):
 garbage-first heap   total 129024K, used 32468K [0x0000000083600000, 0x0000000100000000)
  region size 1024K, 1 young (1024K), 1 survivors (1024K)
 Metaspace       used 20647K, capacity 20991K, committed 21248K, reserved 1067008K
  class space    used 2692K, capacity 2809K, committed 2816K, reserved 1048576K
}
Event: 19.991 GC heap before
{Heap before GC invocations=5 (full 0):
 garbage-first heap   total 112640K, used 58068K [0x0000000083600000, 0x0000000100000000)
  region size 1024K, 11 young (11264K), 1 survivors (1024K)
 Metaspace       used 22308K, capacity 22661K, committed 22784K, reserved 1069056K
  class space    used 2936K, capacity 3066K, committed 3072K, reserved 1048576K
}
Event: 19.994 GC heap after
{Heap after GC invocations=6 (full 0):
 garbage-first heap   total 112640K, used 50163K [0x0000000083600000, 0x0000000100000000)
  region size 1024K, 2 young (2048K), 2 survivors (2048K)
 Metaspace       used 22308K, capacity 22661K, committed 22784K, reserved 1069056K
  class space    used 2936K, capacity 3066K, committed 3072K, reserved 1048576K
}
Event: 20.070 GC heap before
{Heap before GC invocations=7 (full 0):
 garbage-first heap   total 112640K, used 51187K [0x0000000083600000, 0x0000000100000000)
  region size 1024K, 3 young (3072K), 2 survivors (2048K)
 Metaspace       used 22542K, capacity 22876K, committed 23168K, reserved 1069056K
  class space    used 2954K, capacity 3095K, committed 3200K, reserved 1048576K
}
Event: 20.073 GC heap after
{Heap after GC invocations=8 (full 0):
 garbage-first heap   total 112640K, used 51041K [0x0000000083600000, 0x0000000100000000)
  region size 1024K, 2 young (2048K), 2 survivors (2048K)
 Metaspace       used 22542K, capacity 22876K, committed 23168K, reserved 1069056K
  class space    used 2954K, capacity 3095K, committed 3200K, reserved 1048576K
}
Event: 20.592 GC heap before
{Heap before GC invocations=9 (full 0):
 garbage-first heap   total 112640K, used 57185K [0x0000000083600000, 0x0000000100000000)
  region size 1024K, 7 young (7168K), 2 survivors (2048K)
 Metaspace       used 23638K, capacity 24008K, committed 24192K, reserved 1071104K
  class space    used 3056K, capacity 3195K, committed 3200K, reserved 1048576K
}
Event: 20.595 GC heap after
{Heap after GC invocations=10 (full 0):
 garbage-first heap   total 112640K, used 51489K [0x0000000083600000, 0x0000000100000000)
  region size 1024K, 2 young (2048K), 2 survivors (2048K)
 Metaspace       used 23638K, capacity 24008K, committed 24192K, reserved 1071104K
  class space    used 3056K, capacity 3195K, committed 3200K, reserved 1048576K
}

