# JRE version: Java(TM) SE Runtime Environment (15.0.2+7) (build 15.0.2+7-27)
# Java VM: Java HotSpot(TM) 64-Bit Server VM (15.0.2+7-27, mixed mode, sharing, tiered, compressed oops, g1 gc, windows-amd64)
GC Precious Log:
 CPUs: 4 total, 4 available
 Memory: 7989M
 Large Page Support: Disabled
 NUMA Support: Disabled
 Compressed Oops: Enabled (32-bit)
 Heap Region Size: 1M
 Heap Min Capacity: 8M
 Heap Initial Capacity: 126M
 Heap Max Capacity: 1998M
 Pre-touch: Disabled
 Parallel Workers: 4
 Concurrent Workers: 1
 Concurrent Refinement Workers: 4
 Periodic GC: Disabled
Heap:
 garbage-first heap   total 122880K, used 58000K [0x0000000083200000, 0x0000000100000000)
  region size 1024K, 5 young (5120K), 3 survivors (3072K)
 Metaspace       used 25466K, capacity 25802K, committed 25856K, reserved 1071104K
  class space    used 3203K, capacity 3325K, committed 3328K, reserved 1048576K
GC Heap History (10 events):
Event: 1.301 GC heap before
{Heap before GC invocations=0 (full 0):
 garbage-first heap   total 129024K, used 12288K [0x0000000083200000, 0x0000000100000000)
  region size 1024K, 13 young (13312K), 0 survivors (0K)
 Metaspace       used 1063K, capacity 4495K, committed 4864K, reserved 1056768K
  class space    used 98K, capacity 389K, committed 512K, reserved 1048576K
}
Event: 1.307 GC heap after
{Heap after GC invocations=1 (full 0):
 garbage-first heap   total 129024K, used 856K [0x0000000083200000, 0x0000000100000000)
  region size 1024K, 1 young (1024K), 1 survivors (1024K)
 Metaspace       used 1063K, capacity 4495K, committed 4864K, reserved 1056768K
  class space    used 98K, capacity 389K, committed 512K, reserved 1048576K
}
Event: 1.903 GC heap before
{Heap before GC invocations=1 (full 0):
 garbage-first heap   total 129024K, used 19288K [0x0000000083200000, 0x0000000100000000)
  region size 1024K, 19 young (19456K), 1 survivors (1024K)
 Metaspace       used 1173K, capacity 4495K, committed 4864K, reserved 1056768K
  class space    used 98K, capacity 389K, committed 512K, reserved 1048576K
}
Event: 1.906 GC heap after
{Heap after GC invocations=2 (full 0):
 garbage-first heap   total 129024K, used 1024K [0x0000000083200000, 0x0000000100000000)
  region size 1024K, 1 young (1024K), 1 survivors (1024K)
 Metaspace       used 1173K, capacity 4495K, committed 4864K, reserved 1056768K
  class space    used 98K, capacity 389K, committed 512K, reserved 1048576K
}
Event: 169.452 GC heap before
{Heap before GC invocations=2 (full 0):
 garbage-first heap   total 129024K, used 91136K [0x0000000083200000, 0x0000000100000000)
  region size 1024K, 75 young (76800K), 1 survivors (1024K)
 Metaspace       used 20046K, capacity 20327K, committed 20480K, reserved 1067008K
  class space    used 2615K, capacity 2728K, committed 2816K, reserved 1048576K
}
Event: 169.482 GC heap after
{Heap after GC invocations=3 (full 0):
 garbage-first heap   total 129024K, used 28051K [0x0000000083200000, 0x0000000100000000)
  region size 1024K, 10 young (10240K), 10 survivors (10240K)
 Metaspace       used 20046K, capacity 20327K, committed 20480K, reserved 1067008K
  class space    used 2615K, capacity 2728K, committed 2816K, reserved 1048576K
}
Event: 173.147 GC heap before
{Heap before GC invocations=3 (full 0):
 garbage-first heap   total 129024K, used 38291K [0x0000000083200000, 0x0000000100000000)
  region size 1024K, 15 young (15360K), 10 survivors (10240K)
 Metaspace       used 20880K, capacity 21210K, committed 21248K, reserved 1067008K
  class space    used 2674K, capacity 2799K, committed 2816K, reserved 1048576K
}
Event: 173.164 GC heap after
{Heap after GC invocations=4 (full 0):
 garbage-first heap   total 129024K, used 35338K [0x0000000083200000, 0x0000000100000000)
  region size 1024K, 2 young (2048K), 2 survivors (2048K)
 Metaspace       used 20880K, capacity 21210K, committed 21248K, reserved 1067008K
  class space    used 2674K, capacity 2799K, committed 2816K, reserved 1048576K
}
Event: 215.999 GC heap before
{Heap before GC invocations=5 (full 0):
 garbage-first heap   total 122880K, used 72202K [0x0000000083200000, 0x0000000100000000)
  region size 1024K, 19 young (19456K), 2 survivors (2048K)
 Metaspace       used 24024K, capacity 24330K, committed 24448K, reserved 1071104K
  class space    used 3072K, capacity 3197K, committed 3200K, reserved 1048576K
}
Event: 216.005 GC heap after
{Heap after GC invocations=6 (full 0):
 garbage-first heap   total 122880K, used 54928K [0x0000000083200000, 0x0000000100000000)
  region size 1024K, 3 young (3072K), 3 survivors (3072K)
 Metaspace       used 24024K, capacity 24330K, committed 24448K, reserved 1071104K
  class space    used 3072K, capacity 3197K, committed 3200K, reserved 1048576K
}

