# JRE version: Java(TM) SE Runtime Environment (15.0.2+7) (build 15.0.2+7-27)
# Java VM: Java HotSpot(TM) 64-Bit Server VM (15.0.2+7-27, mixed mode, sharing, tiered, compressed oops, g1 gc, windows-amd64)
GC Precious Log:
 CPUs: 4 total, 4 available
 Memory: 7971M
 Large Page Support: Disabled
 NUMA Support: Disabled
 Compressed Oops: Enabled (32-bit)
 Heap Region Size: 1M
 Heap Min Capacity: 8M
 Heap Initial Capacity: 126M
 Heap Max Capacity: 1994M
 Pre-touch: Disabled
 Parallel Workers: 4
 Concurrent Workers: 1
 Concurrent Refinement Workers: 4
 Periodic GC: Disabled
Heap:
 garbage-first heap   total 114688K, used 66299K [0x0000000083600000, 0x0000000100000000)
  region size 1024K, 15 young (15360K), 3 survivors (3072K)
 Metaspace       used 30744K, capacity 31168K, committed 31360K, reserved 1077248K
  class space    used 3458K, capacity 3595K, committed 3712K, reserved 1048576K
GC Heap History (16 events):
Event: 0.882 GC heap before
{Heap before GC invocations=0 (full 0):
 garbage-first heap   total 129024K, used 13312K [0x0000000083600000, 0x0000000100000000)
  region size 1024K, 13 young (13312K), 0 survivors (0K)
 Metaspace       used 1066K, capacity 4495K, committed 4864K, reserved 1056768K
  class space    used 98K, capacity 389K, committed 512K, reserved 1048576K
}
Event: 0.885 GC heap after
{Heap after GC invocations=1 (full 0):
 garbage-first heap   total 129024K, used 867K [0x0000000083600000, 0x0000000100000000)
  region size 1024K, 1 young (1024K), 1 survivors (1024K)
 Metaspace       used 1066K, capacity 4495K, committed 4864K, reserved 1056768K
  class space    used 98K, capacity 389K, committed 512K, reserved 1048576K
}
Event: 1.180 GC heap before
{Heap before GC invocations=1 (full 0):
 garbage-first heap   total 129024K, used 19299K [0x0000000083600000, 0x0000000100000000)
  region size 1024K, 19 young (19456K), 1 survivors (1024K)
 Metaspace       used 1160K, capacity 4495K, committed 4864K, reserved 1056768K
  class space    used 98K, capacity 389K, committed 512K, reserved 1048576K
}
Event: 1.182 GC heap after
{Heap after GC invocations=2 (full 0):
 garbage-first heap   total 129024K, used 1024K [0x0000000083600000, 0x0000000100000000)
  region size 1024K, 1 young (1024K), 1 survivors (1024K)
 Metaspace       used 1160K, capacity 4495K, committed 4864K, reserved 1056768K
  class space    used 98K, capacity 389K, committed 512K, reserved 1048576K
}
Event: 18.571 GC heap before
{Heap before GC invocations=2 (full 0):
 garbage-first heap   total 129024K, used 96256K [0x0000000083600000, 0x0000000100000000)
  region size 1024K, 75 young (76800K), 1 survivors (1024K)
 Metaspace       used 20613K, capacity 20938K, committed 21248K, reserved 1067008K
  class space    used 2599K, capacity 2735K, committed 2816K, reserved 1048576K
}
Event: 18.587 GC heap after
{Heap after GC invocations=3 (full 0):
 garbage-first heap   total 129024K, used 31369K [0x0000000083600000, 0x0000000100000000)
  region size 1024K, 10 young (10240K), 10 survivors (10240K)
 Metaspace       used 20613K, capacity 20938K, committed 21248K, reserved 1067008K
  class space    used 2599K, capacity 2735K, committed 2816K, reserved 1048576K
}
Event: 18.950 GC heap before
{Heap before GC invocations=3 (full 0):
 garbage-first heap   total 129024K, used 45705K [0x0000000083600000, 0x0000000100000000)
  region size 1024K, 25 young (25600K), 10 survivors (10240K)
 Metaspace       used 20851K, capacity 21130K, committed 21248K, reserved 1067008K
  class space    used 2613K, capacity 2735K, committed 2816K, reserved 1048576K
}
Event: 18.966 GC heap after
{Heap after GC invocations=4 (full 0):
 garbage-first heap   total 129024K, used 32408K [0x0000000083600000, 0x0000000100000000)
  region size 1024K, 1 young (1024K), 1 survivors (1024K)
 Metaspace       used 20851K, capacity 21130K, committed 21248K, reserved 1067008K
  class space    used 2613K, capacity 2735K, committed 2816K, reserved 1048576K
}
Event: 20.570 GC heap before
{Heap before GC invocations=5 (full 0):
 garbage-first heap   total 112640K, used 112280K [0x0000000083600000, 0x0000000100000000)
  region size 1024K, 62 young (63488K), 1 survivors (1024K)
 Metaspace       used 28880K, capacity 29257K, committed 29568K, reserved 1075200K
  class space    used 3272K, capacity 3385K, committed 3456K, reserved 1048576K
}
Event: 20.574 GC heap after
{Heap after GC invocations=6 (full 0):
 garbage-first heap   total 114688K, used 47468K [0x0000000083600000, 0x0000000100000000)
  region size 1024K, 2 young (2048K), 2 survivors (2048K)
 Metaspace       used 28880K, capacity 29257K, committed 29568K, reserved 1075200K
  class space    used 3272K, capacity 3385K, committed 3456K, reserved 1048576K
}
Event: 22.533 GC heap before
{Heap before GC invocations=6 (full 0):
 garbage-first heap   total 114688K, used 71020K [0x0000000083600000, 0x0000000100000000)
  region size 1024K, 23 young (23552K), 2 survivors (2048K)
 Metaspace       used 29423K, capacity 29812K, committed 29952K, reserved 1075200K
  class space    used 3327K, capacity 3463K, committed 3584K, reserved 1048576K
}
Event: 22.538 GC heap after
{Heap after GC invocations=7 (full 0):
 garbage-first heap   total 114688K, used 50840K [0x0000000083600000, 0x0000000100000000)
  region size 1024K, 2 young (2048K), 2 survivors (2048K)
 Metaspace       used 29423K, capacity 29812K, committed 29952K, reserved 1075200K
  class space    used 3327K, capacity 3463K, committed 3584K, reserved 1048576K
}
Event: 22.933 GC heap before
{Heap before GC invocations=8 (full 0):
 garbage-first heap   total 114688K, used 76440K [0x0000000083600000, 0x0000000100000000)
  region size 1024K, 18 young (18432K), 2 survivors (2048K)
 Metaspace       used 30714K, capacity 31104K, committed 31360K, reserved 1077248K
  class space    used 3457K, capacity 3595K, committed 3712K, reserved 1048576K
}
Event: 22.938 GC heap after
{Heap after GC invocations=9 (full 0):
 garbage-first heap   total 114688K, used 57347K [0x0000000083600000, 0x0000000100000000)
  region size 1024K, 3 young (3072K), 3 survivors (3072K)
 Metaspace       used 30714K, capacity 31104K, committed 31360K, reserved 1077248K
  class space    used 3457K, capacity 3595K, committed 3712K, reserved 1048576K
}
Event: 23.077 GC heap before
{Heap before GC invocations=10 (full 0):
 garbage-first heap   total 114688K, used 65539K [0x0000000083600000, 0x0000000100000000)
  region size 1024K, 11 young (11264K), 3 survivors (3072K)
 Metaspace       used 30731K, capacity 31168K, committed 31360K, reserved 1077248K
  class space    used 3457K, capacity 3595K, committed 3712K, reserved 1048576K
}
Event: 23.081 GC heap after
{Heap after GC invocations=11 (full 0):
 garbage-first heap   total 114688K, used 54011K [0x0000000083600000, 0x0000000100000000)
  region size 1024K, 3 young (3072K), 3 survivors (3072K)
 Metaspace       used 30731K, capacity 31168K, committed 31360K, reserved 1077248K
  class space    used 3457K, capacity 3595K, committed 3712K, reserved 1048576K
}

